<?xml version="1.0" encoding="UTF-8"?>
<testsuite xmlns:xsi="http://www.w3.org/2001/XMLSchema-instance" xsi:noNamespaceSchemaLocation="https://maven.apache.org/surefire/maven-surefire-plugin/xsd/surefire-test-report.xsd" name="tn.esprit.spring.ContratServiceImplTest" time="9.319" tests="5" errors="0" skipped="0" failures="0">
  <properties>
[...]
</properties>
  <testcase name="testgetAllContrats" classname="tn.esprit.spring.ContratServiceImplTest" time="0.285"/>
  <testcase name="testdeleteAllContratJPQL" classname="tn.esprit.spring.ContratServiceImplTest" time="0.019"/>
  <testcase name="testAffecterContratAEmploye" classname="tn.esprit.spring.ContratServiceImplTest" time="0.062"/>
  <testcase name="testDeleteContratById" classname="tn.esprit.spring.ContratServiceImplTest" time="0.014"/>
  <testcase name="testAjouterContrat" classname="tn.esprit.spring.ContratServiceImplTest" time="0.044"/>
</testsuite>